[18.11.2017 20:15:42.176] Сформирован новый лог-файл 
[18.11.2017 20:15:42.177] => Старт обработки
[18.11.2017 20:15:42.180] Создан новый PID-файл: 6732
[18.11.2017 20:15:42.196] Попытка подключения к ИБ
[18.11.2017 20:15:47.471] Подключение к ИБ установлено
[18.11.2017 20:20:04.541] => Старт обработки
[18.11.2017 20:20:04.542] Найден PID-файл: 6732.pid
[18.11.2017 20:20:04.546] Попытка удалить PID-файлы в папке: D:\PROG\DMExchange_au3
[18.11.2017 20:20:04.547] PID-файлы удалены успешно
[18.11.2017 20:20:04.549] Создан новый PID-файл: 6444
[18.11.2017 20:20:04.570] Попытка подключения к ИБ
[18.11.2017 20:20:08.155] Подключение к ИБ установлено
[18.11.2017 20:20:08.157] Освобождение области памяти, отведенной под v8ComConnector
[18.11.2017 20:20:09.684] Ожидание освобождения памяти...
[18.11.2017 20:20:10.691] Попытка удалить PID-файлы в папке: D:\PROG\DMExchange_au3
[18.11.2017 20:20:10.694] PID-файлы удалены успешно
[18.11.2017 20:20:10.695] <= Обработка завершена
[18.11.2017 20:27:57.342] => Старт обработки
[18.11.2017 20:27:57.342] Создан новый PID-файл: 9800
[18.11.2017 20:27:57.358] Попытка подключения к ИБ
[18.11.2017 20:28:03.988] Подключение к ИБ установлено
[18.11.2017 20:28:03.988] Проверка необходимости принять изменения
[18.11.2017 20:28:03.988] Освобождение области памяти, отведенной под v8ComConnector
[18.11.2017 20:28:06.246] Ожидание освобождения памяти...
[18.11.2017 20:28:07.256] Попытка удалить PID-файлы в папке: D:\PROG\DMExchange_au3
[18.11.2017 20:28:07.256] PID-файлы удалены успешно
[18.11.2017 20:28:07.256] <= Обработка завершена
[18.11.2017 20:29:06.991] => Старт обработки
[18.11.2017 20:29:06.991] Создан новый PID-файл: 688
[18.11.2017 20:29:06.991] Попытка подключения к ИБ
[18.11.2017 20:29:13.291] Подключение к ИБ установлено
[18.11.2017 20:29:13.291] Проверка необходимости принять изменения
[18.11.2017 20:29:13.291] Освобождение области памяти, отведенной под v8ComConnector
[18.11.2017 20:29:15.577] Ожидание освобождения памяти...
[18.11.2017 20:29:16.577] Попытка удалить PID-файлы в папке: D:\PROG\DMExchange_au3
[18.11.2017 20:29:16.577] PID-файлы удалены успешно
[18.11.2017 20:29:16.577] <= Обработка завершена
[22.11.2017 21:16:30.898] => Старт обработки
[22.11.2017 21:16:30.898] Создан новый PID-файл: 8812
[22.11.2017 21:16:30.898] Попытка установить подключение с базой данных
[22.11.2017 21:16:30.898] Создается новый объект V83.COMConnector
[23.11.2017 13:48:44.012] => Старт обработки
[23.11.2017 13:48:44.015] Создан новый PID-файл: 3808
[23.11.2017 13:48:44.015] Попытка установить подключение с базой данных
[23.11.2017 13:48:44.016] Создается новый объект COMConnector
[23.11.2017 13:48:44.023] Подключение к ИБ
[23.11.2017 13:50:10.937] Подключение к ИБ установлено
[23.11.2017 13:50:10.940] Путь к v8exe: C:\Program Files (x86)\1cv8\8.3.10.2466\bin\1cv8.exe
[23.11.2017 13:50:10.941] Проверка необходимости принять изменения
[23.11.2017 13:50:11.212] Значение IBChangeDynamic: False
[23.11.2017 13:50:11.214] Конфигурация ИБ изменена не динамически, требуется реструктуризация
[23.11.2017 13:50:11.216] Попытка применения изменений
[23.11.2017 13:50:11.217] Закрывается соединение с базой данных и освобождается COMConnector
[23.11.2017 13:50:15.883] Ожидание освобождения памяти от объектов
[23.11.2017 13:50:15.884] Запуск Конфигуратора для принятия изменений
[23.11.2017 13:50:15.895] Запущен процесс 5520
[23.11.2017 13:50:32.751] Конфигуратор успешно завершил работу с кодом = 1
[23.11.2017 13:50:32.752] Код 1 означает ошибку принятия изменений
[23.11.2017 13:50:32.753] Подготовка объектов для формирования электронного сообщения
[23.11.2017 13:50:34.419] Закрывается соединение с базой данных и освобождается COMConnector
[23.11.2017 13:50:34.421] Попытка удалить PID-файлы в папке: D:\PROG\DMExchange_au3
[23.11.2017 13:50:34.423] PID-файлы удалены успешно
[23.11.2017 13:50:34.425] <= Обработка завершена
[23.11.2017 14:11:35.103] => Старт обработки
[23.11.2017 14:11:35.106] Создан новый PID-файл: 9108
[23.11.2017 14:11:35.107] Попытка установить подключение с базой данных
[23.11.2017 14:11:35.108] Создается новый объект COMConnector
[23.11.2017 14:11:35.115] Подключение к ИБ
[23.11.2017 14:12:57.697] Подключение к ИБ установлено
[23.11.2017 14:12:57.698] Путь к v8exe: C:\Program Files (x86)\1cv8\8.3.10.2466\bin\1cv8.exe
[23.11.2017 14:12:57.699] Проверка необходимости принять изменения
[23.11.2017 14:12:57.966] Значение IBChangeDynamic: False
[23.11.2017 14:12:57.967] Конфигурация ИБ изменена не динамически, требуется реструктуризация
[23.11.2017 14:12:57.968] Попытка применения изменений
[23.11.2017 14:12:57.969] Закрывается соединение с базой данных и освобождается COMConnector
[23.11.2017 14:13:02.445] Ожидание освобождения памяти от объектов
[23.11.2017 14:13:02.446] Запуск Конфигуратора для принятия изменений
[23.11.2017 14:13:02.456] Запущен процесс 6564
[23.11.2017 14:13:20.744] Конфигуратор успешно завершил работу с кодом = 1
[23.11.2017 14:13:20.745] Код 1 означает ошибку принятия изменений
[23.11.2017 14:13:20.746] Подготовка объектов для формирования электронного сообщения
[23.11.2017 14:13:22.731] Закрывается соединение с базой данных и освобождается COMConnector
[23.11.2017 14:13:22.732] Попытка удалить PID-файлы в папке: D:\PROG\DMExchange_au3
[23.11.2017 14:13:22.734] PID-файлы удалены успешно
[23.11.2017 14:13:22.735] <= Обработка завершена
[23.11.2017 14:15:31.342] => Старт обработки
[23.11.2017 14:15:31.345] Создан новый PID-файл: 9956
[23.11.2017 14:15:31.346] Попытка установить подключение с базой данных
[23.11.2017 14:15:31.347] Создается новый объект COMConnector
[23.11.2017 14:15:31.353] Подключение к ИБ
[23.11.2017 14:16:51.589] Подключение к ИБ установлено
[23.11.2017 14:16:51.590] Путь к v8exe: C:\Program Files (x86)\1cv8\8.3.10.2466\bin\1cv8.exe
[23.11.2017 14:16:51.591] Проверка необходимости принять изменения
[23.11.2017 14:16:51.859] Значение IBChangeDynamic: False
[23.11.2017 14:16:51.859] Конфигурация ИБ изменена не динамически, требуется реструктуризация
[23.11.2017 14:16:51.860] Попытка применения изменений
[23.11.2017 14:16:51.861] Закрывается соединение с базой данных и освобождается COMConnector
[23.11.2017 14:16:56.508] Ожидание освобождения памяти от объектов
[23.11.2017 14:16:56.509] Запуск Конфигуратора для принятия изменений
[23.11.2017 14:16:56.518] Запущен процесс 3796
[23.11.2017 14:17:13.423] Конфигуратор успешно завершил работу с кодом = 1
[23.11.2017 14:17:13.424] Код 1 означает ошибку принятия изменений
[23.11.2017 14:17:13.425] Подготовка объектов для формирования электронного сообщения
[23.11.2017 14:17:14.378] Закрывается соединение с базой данных и освобождается COMConnector
[23.11.2017 14:17:14.379] Попытка удалить PID-файлы в папке: D:\PROG\DMExchange_au3
[23.11.2017 14:17:14.381] PID-файлы удалены успешно
[23.11.2017 14:17:14.381] <= Обработка завершена
